<?xml version="1.0" encoding="UTF-8"?>
<!-- Generated by org.testng.reporters.JUnitXMLReporter -->
<testsuite ignored="2" hostname="DESKTOP-QQJG5DE" failures="0" tests="4" name="chrome" time="34.863" errors="0" timestamp="2023-01-10T14:54:17 IST">
  <testcase classname="com.SocietyManagementSystem.testscript.Accounts.CreateStudentDeleteStudent" name="CreateAndDeleteStudent" time="9.715"/>
  <testcase classname="com.SocietyManagementSystem.testscript.Accounts.Tc_Accounts_01_Test" name="Accounts01" time="10.488"/>
  <testcase classname="SamplePracticeTestng.SampleTestNGTest4" name="TestScript7" time="0.02"/>
  <testcase classname="SamplePracticeTestng.SampleTestNGTest4" name="TestScript8" time="0.002"/>
  <testcase classname="com.crm.SocietyManagementSystem.genericLib.BaseClass" name="@BeforeSuite configBS" time="0.0">
    <ignored/>
  </testcase> <!-- @BeforeSuite configBS -->
  <testcase classname="com.crm.SocietyManagementSystem.genericLib.BaseClass" name="@AfterSuite configAS" time="0.0">
    <ignored/>
  </testcase> <!-- @AfterSuite configAS -->
</testsuite> <!-- chrome -->
