<?xml version="1.0" encoding="UTF-8"?>
<!-- Generated by org.testng.reporters.JUnitXMLReporter -->
<testsuite ignored="2" hostname="DESKTOP-QQJG5DE" failures="0" tests="2" name="Test" time="20.705" errors="0" timestamp="2023-01-11T10:55:13 IST">
  <testcase classname="com.SocietyManagementSystem.testscript.Expenses.Tc_Expenses_15" name="Expenses15" time="8.183"/>
  <testcase classname="com.SocietyManagementSystem.testscript.Transaction.Tc_Login_01_Integration_Test" name="Login01" time="11.651"/>
  <testcase classname="com.crm.SocietyManagementSystem.genericLib.BaseClass" name="@BeforeSuite configBS" time="0.0">
    <ignored/>
  </testcase> <!-- @BeforeSuite configBS -->
  <testcase classname="com.crm.SocietyManagementSystem.genericLib.BaseClass" name="@AfterSuite configAS" time="0.0">
    <ignored/>
  </testcase> <!-- @AfterSuite configAS -->
</testsuite> <!-- Test -->
