<?xml version="1.0" encoding="UTF-8"?>
<!-- Generated by org.testng.reporters.JUnitXMLReporter -->
<testsuite ignored="2" hostname="DESKTOP-QQJG5DE" failures="0" tests="2" name="Test1" time="35.767" errors="0" timestamp="2023-01-11T10:58:18 IST">
  <testcase classname="com.SocietyManagementSystem.testscript.Expenses.Tc_Expenses_15" name="Expenses15" time="8.056"/>
  <testcase classname="com.SocietyManagementSystem.testscript.Transaction.Tc_Login_01_Integration_Test" name="Login01" time="10.543"/>
  <testcase classname="com.crm.SocietyManagementSystem.genericLib.BaseClass" name="@BeforeSuite configBS" time="0.0">
    <ignored/>
  </testcase> <!-- @BeforeSuite configBS -->
  <testcase classname="com.crm.SocietyManagementSystem.genericLib.BaseClass" name="@AfterSuite configAS" time="0.0">
    <ignored/>
  </testcase> <!-- @AfterSuite configAS -->
</testsuite> <!-- Test1 -->
